Review: wow what an amazing film
Sentiment: Positive (Confidence: 90.81%)
---
Review: i loved it
Sentiment: Positive (Confidence: 98.06%)
---
Review: i hate the way that they acted
Sentiment: Positive (Confidence: 63.17%)
---
Review: what a miserable movie

Sentiment: Negative (Confidence: 76.02%)
---
Review: dont waste your time watching this movie
Sentiment: Negative (Confidence: 98.87%)
---
Review: im gonna watch it again and again 
Sentiment: Positive (Confidence: 46.89%)
---
Review: omg
Sentiment: Positive (Confidence: 48.17%)
---
Review: loved it
Sentiment: Positive (Confidence: 98.06%)
---
Review: i could not stand it

Sentiment: Negative (Confidence: 93.79%)
---
Review: who even watch this crap
Sentiment: Negative (Confidence: 94.71%)
---
Review: get this out of my side
Sentiment: Positive (Confidence: 54.28%)
---
